<?xml version="1.0" encoding="UTF-8"?>
<!-- Generated by org.testng.reporters.JUnitReportReporter -->
<testsuite hostname="Alis-MacBook-Pro.local" failures="0" tests="1" name="Automation.E2EProject.HomePage" time="7.962" errors="0" timestamp="28 Feb 2019 01:12:12 GMT">
  <testcase classname="Automation.E2EProject.HomePage" name="NavigateHomePage" time="7.962"/>
</testsuite> <!-- Automation.E2EProject.HomePage -->
