<?xml version="1.0" encoding="UTF-8"?>
<!-- Generated by org.testng.reporters.JUnitReportReporter -->
<testsuite hostname="Alis-MacBook-Pro.local" failures="0" tests="1" name="Automation.E2EProject.HomePage_Login_Test" time="2.924" errors="0" timestamp="01 Mar 2019 08:03:09 GMT" skipped="0">
  <testcase classname="Automation.E2EProject.HomePage_Login_Test" name="NavigateHomePage" time="2.924"/>
</testsuite> <!-- Automation.E2EProject.HomePage_Login_Test -->
