<?xml version="1.0" encoding="UTF-8"?>
<!-- Generated by org.testng.reporters.JUnitReportReporter -->
<testsuite hostname="Alis-MacBook-Pro.local" failures="0" tests="2" name="testcases.SignUpPage_Login_Test" time="14.684" errors="0" timestamp="03 Apr 2019 04:05:35 GMT" skipped="0">
  <testcase classname="testcases.SignUpPage_Login_Test" name="LoginToAccount" time="6.386"/>
  <testcase classname="testcases.SignUpPage_Login_Test" name="LoginToAccount" time="8.298"/>
</testsuite> <!-- testcases.SignUpPage_Login_Test -->
