<?xml version="1.0" encoding="UTF-8"?>
<!-- Generated by org.testng.reporters.JUnitReportReporter -->
<testsuite hostname="Alis-MacBook-Pro.local" failures="0" tests="1" name="Automation.E2EProject.AppTest" time="0.001" errors="0" timestamp="28 Feb 2019 06:17:37 GMT">
  <testcase classname="Automation.E2EProject.AppTest" name="testApp" time="0.001"/>
</testsuite> <!-- Automation.E2EProject.AppTest -->
