<?xml version="1.0" encoding="UTF-8"?>
<!-- Generated by org.testng.reporters.JUnitReportReporter -->
<testsuite hostname="Alis-MacBook-Pro.local" failures="0" tests="1" name="Automation.E2EProject.HomePage_Test" time="8.305" errors="0" timestamp="28 Feb 2019 01:34:22 GMT">
  <testcase classname="Automation.E2EProject.HomePage_Test" name="NavigateHomePage" time="8.305"/>
</testsuite> <!-- Automation.E2EProject.HomePage_Test -->
