<?xml version="1.0" encoding="UTF-8"?>
<!-- Generated by org.testng.reporters.JUnitReportReporter -->
<testsuite hostname="Alis-MacBook-Pro.local" failures="0" tests="1" name="testcases.HomePage_Login_Test" time="2.605" errors="0" timestamp="3 Mar 2019 07:10:02 GMT">
  <testcase classname="testcases.HomePage_Login_Test" name="NavigateToLoginPage" time="2.605"/>
</testsuite> <!-- testcases.HomePage_Login_Test -->
