<?xml version="1.0" encoding="UTF-8"?>
<!-- Generated by org.testng.reporters.JUnitReportReporter -->
<testsuite hostname="Alis-MacBook-Pro.local" failures="0" tests="2" name="testcases.SignUpPage_Login_Test" time="19.250" errors="0" timestamp="3 Mar 2019 07:10:02 GMT">
  <testcase classname="testcases.SignUpPage_Login_Test" name="LoginToAccount" time="6.829"/>
  <testcase classname="testcases.SignUpPage_Login_Test" name="LoginToAccount" time="12.421"/>
</testsuite> <!-- testcases.SignUpPage_Login_Test -->
