<?xml version="1.0" encoding="UTF-8"?>
<!-- Generated by org.testng.reporters.JUnitReportReporter -->
<testsuite hostname="Alis-MacBook-Pro.local" failures="0" tests="1" name="Automation.E2EProject.SignUpPage_Register_Test" time="3.888" errors="0" timestamp="1 Mar 2019 07:48:22 GMT">
  <testcase classname="Automation.E2EProject.SignUpPage_Register_Test" name="NavigateHomePage" time="3.888"/>
</testsuite> <!-- Automation.E2EProject.SignUpPage_Register_Test -->
