<?xml version="1.0" encoding="UTF-8"?>
<!-- Generated by org.testng.reporters.JUnitReportReporter -->
<testsuite hostname="Alis-MacBook-Pro.local" failures="0" tests="2" name="Automation.E2EProject.SignUpPage_Login_Test" time="19.343" errors="0" timestamp="1 Mar 2019 07:48:22 GMT">
  <testcase classname="Automation.E2EProject.SignUpPage_Login_Test" name="NavigateHomePage" time="12.334"/>
  <testcase classname="Automation.E2EProject.SignUpPage_Login_Test" name="NavigateHomePage" time="7.009"/>
</testsuite> <!-- Automation.E2EProject.SignUpPage_Login_Test -->
