<?xml version="1.0" encoding="UTF-8"?>
<!-- Generated by org.testng.reporters.JUnitReportReporter -->
<testsuite hostname="Alis-MacBook-Pro.local" failures="0" tests="1" name="Automation.E2EProject.HomePage_Login_Test" time="2.708" errors="0" timestamp="1 Mar 2019 07:48:22 GMT">
  <testcase classname="Automation.E2EProject.HomePage_Login_Test" name="NavigateHomePage" time="2.708"/>
</testsuite> <!-- Automation.E2EProject.HomePage_Login_Test -->
