<?xml version="1.0" encoding="UTF-8"?>
<!-- Generated by org.testng.reporters.JUnitReportReporter -->
<testsuite hostname="Alis-MacBook-Pro.local" failures="0" tests="3" name="testcases.FB_LandingPage_Test" time="23.696" errors="0" timestamp="3 Apr 2019 05:33:09 GMT">
  <testcase classname="testcases.FB_LandingPage_Test" name="Login" time="6.628"/>
  <testcase classname="testcases.FB_LandingPage_Test" name="Login" time="7.670"/>
  <testcase classname="testcases.FB_LandingPage_Test" name="Login" time="9.398"/>
</testsuite> <!-- testcases.FB_LandingPage_Test -->
