<?xml version="1.0" encoding="UTF-8"?>
<!-- Generated by org.testng.reporters.JUnitReportReporter -->
<testsuite hostname="Alis-MacBook-Pro.local" failures="0" tests="2" name="testcases.SignUpPage_Login_Test" time="20.375" errors="0" timestamp="1 Apr 2019 22:45:33 GMT">
  <testcase classname="testcases.SignUpPage_Login_Test" name="LoginToAccount" time="10.201"/>
  <testcase classname="testcases.SignUpPage_Login_Test" name="LoginToAccount" time="10.174"/>
</testsuite> <!-- testcases.SignUpPage_Login_Test -->
