<?xml version="1.0" encoding="UTF-8"?>
<!-- Generated by org.testng.reporters.JUnitReportReporter -->
<testsuite hostname="Alis-MacBook-Pro.local" failures="0" tests="2" name="testcases.SignUpPage_Login_Test" time="16.541" errors="0" timestamp="5 Apr 2019 01:29:21 GMT">
  <testcase classname="testcases.SignUpPage_Login_Test" name="LoginToAccount" time="6.317"/>
  <testcase classname="testcases.SignUpPage_Login_Test" name="LoginToAccount" time="10.224"/>
</testsuite> <!-- testcases.SignUpPage_Login_Test -->
