<?xml version="1.0" encoding="UTF-8"?>
<!-- Generated by org.testng.reporters.JUnitReportReporter -->
<testsuite hostname="Alis-MacBook-Pro.local" failures="0" tests="2" name="testcases.SignUpPage_Login_Test" time="14.807" errors="0" timestamp="3 Apr 2019 19:45:28 GMT">
  <testcase classname="testcases.SignUpPage_Login_Test" name="LoginToAccount" time="6.150"/>
  <testcase classname="testcases.SignUpPage_Login_Test" name="LoginToAccount" time="8.657"/>
</testsuite> <!-- testcases.SignUpPage_Login_Test -->
