<?xml version="1.0" encoding="UTF-8"?>
<!-- Generated by org.testng.reporters.JUnitReportReporter -->
<testsuite hostname="Alis-MacBook-Pro.local" failures="0" tests="1" name="testcases.Trvlc_LandingPage_Test" time="10.343" errors="0" timestamp="5 Apr 2019 01:29:21 GMT">
  <testcase classname="testcases.Trvlc_LandingPage_Test" name="TripPlan" time="10.343"/>
</testsuite> <!-- testcases.Trvlc_LandingPage_Test -->
