<?xml version="1.0" encoding="UTF-8"?>
<!-- Generated by org.testng.reporters.JUnitReportReporter -->
<testsuite hostname="Alis-MacBook-Pro.local" failures="0" tests="1" name="testcases.SignUpPage_Register_Test" time="4.364" errors="0" timestamp="3 Mar 2019 07:10:02 GMT">
  <testcase classname="testcases.SignUpPage_Register_Test" name="NavigatetoRegistrationPage" time="4.364"/>
</testsuite> <!-- testcases.SignUpPage_Register_Test -->
